<?xml version="1.0" encoding="UTF-8"?>
<testng-results ignored="0" total="1" passed="1" failed="0" skipped="0">
  <reporter-output>
  </reporter-output>
  <suite started-at="2022-07-19T15:36:51 IST" name="Default suite" finished-at="2022-07-19T15:36:53 IST" duration-ms="2161">
    <groups>
    </groups>
    <test started-at="2022-07-19T15:36:51 IST" name="Default test" finished-at="2022-07-19T15:36:53 IST" duration-ms="2161">
      <class name="rest.StaticJosn">
        <test-method signature="addBook()[pri:0, instance:rest.StaticJosn@483f6d77]" started-at="2022-07-19T15:36:51 IST" name="addBook" finished-at="2022-07-19T15:36:53 IST" duration-ms="2104" status="PASS">
          <reporter-output>
          </reporter-output>
        </test-method> <!-- addBook -->
      </class> <!-- rest.StaticJosn -->
    </test> <!-- Default test -->
  </suite> <!-- Default suite -->
</testng-results>
